ruby: warning: shebang line ending with \r may cause problems

üìÑ Testing file: ./docs/04_architecture.adoc
‚ùå FAILED: uninitialized constant Asciidoctor::Doctest

üìÑ Testing file: ./docs/api/order-create.adoc
‚ùå FAILED: uninitialized constant Asciidoctor::Doctest

üìÑ Testing file: ./docs/shared/errors.adoc
‚ùå FAILED: uninitialized constant Asciidoctor::Doctest

üìÑ Testing file: ./docs/shared/headers-auth.adoc
‚ùå FAILED: uninitialized constant Asciidoctor::Doctest
asciidoctor: ERROR: 04_architecture.adoc: line 10: include file not found: /work/docs/missing_file.adoc
‚ùå Syntax error in ./docs/04_architecture.adoc (see log)
asciidoctor: ERROR: order-create.adoc: line 13: include file not found: /work/docs/api/shared/headers-auth.adoc
asciidoctor: ERROR: order-create.adoc: line 22: include file not found: /work/docs/api/examples/order-example.json
asciidoctor: ERROR: order-create.adoc: line 34: include file not found: /work/docs/api/shared/errors.adoc
‚ùå Syntax error in ./docs/api/order-create.adoc (see log)
asciidoctor: ERROR: 04_architecture.adoc: line 10: include file not found: /work/docs/missing_file.adoc
‚ùå Syntax error in ./docs/04_architecture.adoc (see log)
asciidoctor: ERROR: order-create.adoc: line 13: include file not found: /work/docs/api/shared/headers-auth.adoc
asciidoctor: ERROR: order-create.adoc: line 22: include file not found: /work/docs/api/examples/order-example.json
asciidoctor: ERROR: order-create.adoc: line 34: include file not found: /work/docs/api/shared/errors.adoc
‚ùå Syntax error in ./docs/api/order-create.adoc (see log)
asciidoctor: ERROR: 04_architecture.adoc: line 10: include file not found: /work/missing_file.adoc
‚ùå Syntax error in ./docs/04_architecture.adoc (see log)
asciidoctor: ERROR: order-create.adoc: line 13: include file not found: /work/shared/headers-auth.adoc
asciidoctor: ERROR: order-create.adoc: line 22: include file not found: /work/examples/order-example.json
asciidoctor: ERROR: order-create.adoc: line 34: include file not found: /work/shared/errors.adoc
‚ùå Syntax error in ./docs/api/order-create.adoc (see log)
asciidoctor: ERROR: 04_architecture.adoc: line 10: include file not found: /work/missing_file.adoc
‚ùå Syntax error in ./docs/04_architecture.adoc (see log)
asciidoctor: ERROR: order-create.adoc: line 13: include file not found: /shared/headers-auth.adoc
asciidoctor: ERROR: order-create.adoc: line 34: include file not found: /shared/errors.adoc
‚ùå Syntax error in ./docs/api/order-create.adoc (see log)
asciidoctor: ERROR: 04_architecture.adoc: line 10: include file not found: /work/missing_file.adoc
‚ùå Syntax error in ./docs/04_architecture.adoc (see log)
asciidoctor: ERROR: 04_architecture.adoc: line 10: include file not found: /work/missing_file.adoc
‚ùå Syntax error in ./docs/04_architecture.adoc (see log)
asciidoctor: ERROR: 04_architecture.adoc: line 10: include file not found: /work/missing_file.adoc
‚ùå Syntax error in ./docs/04_architecture.adoc (see log)
asciidoctor: ERROR: 04_architecture.adoc: line 10: include file not found: /work/docs/missing_file.adoc
‚ùå Syntax error in ./docs/04_architecture.adoc (see log)
asciidoctor: ERROR: 04_architecture.adoc: line 10: include file not found: /work/missing_file.adoc
‚ùå Syntax error in ./docs/04_architecture.adoc (see log)
asciidoctor: ERROR: 04_architecture.adoc: line 10: include file not found: /work/missing_file.adoc
‚ùå Syntax error in ./docs/04_architecture.adoc (see log)
asciidoctor: ERROR: 04_architecture.adoc: line 10: include file not found: /work/missing_file.adoc
‚ùå Syntax error in ./docs/04_architecture.adoc (see log)

üìÑ Testing file: ./docs/04_architecture.adoc
‚ùå FAILED: uninitialized constant Asciidoctor::Doctest
‚ùå ./docs/04_architecture.adoc failed

üìÑ Testing file: ./docs/api/order-create.adoc
‚ùå FAILED: uninitialized constant Asciidoctor::Doctest
‚ùå ./docs/api/order-create.adoc failed

üìÑ Testing file: ./docs/shared/errors.adoc
‚ùå FAILED: uninitialized constant Asciidoctor::Doctest
‚ùå ./docs/shared/errors.adoc failed

üìÑ Testing file: ./docs/shared/headers-auth.adoc
‚ùå FAILED: uninitialized constant Asciidoctor::Doctest
‚ùå ./docs/shared/headers-auth.adoc failed

üìÑ Testing file: ./docs/04_architecture.adoc
‚ùå FAILED: uninitialized constant Asciidoctor::Doctest
‚ùå ./docs/04_architecture.adoc failed

üìÑ Testing file: ./docs/POS/api/schemas/Dish.adoc
‚ùå FAILED: uninitialized constant Asciidoctor::Doctest
‚ùå ./docs/POS/api/schemas/Dish.adoc failed

üìÑ Testing file: ./docs/POS/api/schemas/OrderResponse.adoc
‚ùå FAILED: uninitialized constant Asciidoctor::Doctest
‚ùå ./docs/POS/api/schemas/OrderResponse.adoc failed

üìÑ Testing file: ./docs/POS/requirements/Menu/Menu.adoc
‚ùå FAILED: uninitialized constant Asciidoctor::Doctest
‚ùå ./docs/POS/requirements/Menu/Menu.adoc failed

üìÑ Testing file: ./docs/shared/errors.adoc
‚ùå FAILED: uninitialized constant Asciidoctor::Doctest
‚ùå ./docs/shared/errors.adoc failed

üìÑ Testing file: ./docs/shared/headers-auth.adoc
‚ùå FAILED: uninitialized constant Asciidoctor::Doctest
‚ùå ./docs/shared/headers-auth.adoc failed
‚ùå –û—à–∏–±–∫–∞ –∑–∞–≥—Ä—É–∑–∫–∏: cannot load such file -- asciidoctor/doctest
–£–±–µ–¥–∏—Ç–µ—Å—å, —á—Ç–æ –≥–µ–º asciidoctor-doctest —É—Å—Ç–∞–Ω–æ–≤–ª–µ–Ω.
‚ùå ./docs/04_architecture.adoc failed
‚ùå –û—à–∏–±–∫–∞ –∑–∞–≥—Ä—É–∑–∫–∏: cannot load such file -- asciidoctor/doctest
–£–±–µ–¥–∏—Ç–µ—Å—å, —á—Ç–æ –≥–µ–º asciidoctor-doctest —É—Å—Ç–∞–Ω–æ–≤–ª–µ–Ω.
‚ùå ./docs/POS/api/schemas/Dish.adoc failed
‚ùå –û—à–∏–±–∫–∞ –∑–∞–≥—Ä—É–∑–∫–∏: cannot load such file -- asciidoctor/doctest
–£–±–µ–¥–∏—Ç–µ—Å—å, —á—Ç–æ –≥–µ–º asciidoctor-doctest —É—Å—Ç–∞–Ω–æ–≤–ª–µ–Ω.
‚ùå ./docs/POS/api/schemas/OrderResponse.adoc failed
‚ùå –û—à–∏–±–∫–∞ –∑–∞–≥—Ä—É–∑–∫–∏: cannot load such file -- asciidoctor/doctest
–£–±–µ–¥–∏—Ç–µ—Å—å, —á—Ç–æ –≥–µ–º asciidoctor-doctest —É—Å—Ç–∞–Ω–æ–≤–ª–µ–Ω.
‚ùå ./docs/POS/requirements/Menu/Menu.adoc failed
‚ùå –û—à–∏–±–∫–∞ –∑–∞–≥—Ä—É–∑–∫–∏: cannot load such file -- asciidoctor/doctest
–£–±–µ–¥–∏—Ç–µ—Å—å, —á—Ç–æ –≥–µ–º asciidoctor-doctest —É—Å—Ç–∞–Ω–æ–≤–ª–µ–Ω.
‚ùå ./docs/shared/errors.adoc failed
‚ùå –û—à–∏–±–∫–∞ –∑–∞–≥—Ä—É–∑–∫–∏: cannot load such file -- asciidoctor/doctest
–£–±–µ–¥–∏—Ç–µ—Å—å, —á—Ç–æ –≥–µ–º asciidoctor-doctest —É—Å—Ç–∞–Ω–æ–≤–ª–µ–Ω.
‚ùå ./docs/shared/headers-auth.adoc failed
‚ùå –û—à–∏–±–∫–∞ –∑–∞–≥—Ä—É–∑–∫–∏: cannot load such file -- asciidoctor/doctest
–£–±–µ–¥–∏—Ç–µ—Å—å, —á—Ç–æ –≥–µ–º asciidoctor-doctest —É—Å—Ç–∞–Ω–æ–≤–ª–µ–Ω.
‚ùå ./docs/04_architecture.adoc failed
‚ùå –û—à–∏–±–∫–∞ –∑–∞–≥—Ä—É–∑–∫–∏: cannot load such file -- asciidoctor/doctest
–£–±–µ–¥–∏—Ç–µ—Å—å, —á—Ç–æ –≥–µ–º asciidoctor-doctest —É—Å—Ç–∞–Ω–æ–≤–ª–µ–Ω.
‚ùå ./docs/POS/api/schemas/Dish.adoc failed
‚ùå –û—à–∏–±–∫–∞ –∑–∞–≥—Ä—É–∑–∫–∏: cannot load such file -- asciidoctor/doctest
–£–±–µ–¥–∏—Ç–µ—Å—å, —á—Ç–æ –≥–µ–º asciidoctor-doctest —É—Å—Ç–∞–Ω–æ–≤–ª–µ–Ω.
‚ùå ./docs/POS/api/schemas/OrderResponse.adoc failed
‚ùå –û—à–∏–±–∫–∞ –∑–∞–≥—Ä—É–∑–∫–∏: cannot load such file -- asciidoctor/doctest
–£–±–µ–¥–∏—Ç–µ—Å—å, —á—Ç–æ –≥–µ–º asciidoctor-doctest —É—Å—Ç–∞–Ω–æ–≤–ª–µ–Ω.
‚ùå ./docs/POS/requirements/Menu/Menu.adoc failed
‚ùå –û—à–∏–±–∫–∞ –∑–∞–≥—Ä—É–∑–∫–∏: cannot load such file -- asciidoctor/doctest
–£–±–µ–¥–∏—Ç–µ—Å—å, —á—Ç–æ –≥–µ–º asciidoctor-doctest —É—Å—Ç–∞–Ω–æ–≤–ª–µ–Ω.
‚ùå ./docs/shared/errors.adoc failed
‚ùå –û—à–∏–±–∫–∞ –∑–∞–≥—Ä—É–∑–∫–∏: cannot load such file -- asciidoctor/doctest
–£–±–µ–¥–∏—Ç–µ—Å—å, —á—Ç–æ –≥–µ–º asciidoctor-doctest —É—Å—Ç–∞–Ω–æ–≤–ª–µ–Ω.
‚ùå ./docs/shared/headers-auth.adoc failed
‚ùå –û—à–∏–±–∫–∞ –∑–∞–≥—Ä—É–∑–∫–∏: cannot load such file -- asciidoctor/doctest
–£–±–µ–¥–∏—Ç–µ—Å—å, —á—Ç–æ –≥–µ–º asciidoctor-doctest —É—Å—Ç–∞–Ω–æ–≤–ª–µ–Ω.
‚ùå ./docs/04_architecture.adoc failed
‚ùå –û—à–∏–±–∫–∞ –∑–∞–≥—Ä—É–∑–∫–∏: cannot load such file -- asciidoctor/doctest
–£–±–µ–¥–∏—Ç–µ—Å—å, —á—Ç–æ –≥–µ–º asciidoctor-doctest —É—Å—Ç–∞–Ω–æ–≤–ª–µ–Ω.
‚ùå ./docs/POS/api/schemas/Dish.adoc failed
‚ùå –û—à–∏–±–∫–∞ –∑–∞–≥—Ä—É–∑–∫–∏: cannot load such file -- asciidoctor/doctest
–£–±–µ–¥–∏—Ç–µ—Å—å, —á—Ç–æ –≥–µ–º asciidoctor-doctest —É—Å—Ç–∞–Ω–æ–≤–ª–µ–Ω.
‚ùå ./docs/POS/api/schemas/OrderResponse.adoc failed
‚ùå –û—à–∏–±–∫–∞ –∑–∞–≥—Ä—É–∑–∫–∏: cannot load such file -- asciidoctor/doctest
–£–±–µ–¥–∏—Ç–µ—Å—å, —á—Ç–æ –≥–µ–º asciidoctor-doctest —É—Å—Ç–∞–Ω–æ–≤–ª–µ–Ω.
‚ùå ./docs/POS/requirements/Menu/Menu.adoc failed
‚ùå –û—à–∏–±–∫–∞ –∑–∞–≥—Ä—É–∑–∫–∏: cannot load such file -- asciidoctor/doctest
–£–±–µ–¥–∏—Ç–µ—Å—å, —á—Ç–æ –≥–µ–º asciidoctor-doctest —É—Å—Ç–∞–Ω–æ–≤–ª–µ–Ω.
‚ùå ./docs/shared/errors.adoc failed
‚ùå –û—à–∏–±–∫–∞ –∑–∞–≥—Ä—É–∑–∫–∏: cannot load such file -- asciidoctor/doctest
–£–±–µ–¥–∏—Ç–µ—Å—å, —á—Ç–æ –≥–µ–º asciidoctor-doctest —É—Å—Ç–∞–Ω–æ–≤–ª–µ–Ω.
‚ùå ./docs/shared/headers-auth.adoc failed
