ruby: warning: shebang line ending with \r may cause problems

ğŸ“„ Testing file: ./docs/04_architecture.adoc
âŒ FAILED: uninitialized constant Asciidoctor::Doctest

ğŸ“„ Testing file: ./docs/api/order-create.adoc
âŒ FAILED: uninitialized constant Asciidoctor::Doctest

ğŸ“„ Testing file: ./docs/shared/errors.adoc
âŒ FAILED: uninitialized constant Asciidoctor::Doctest

ğŸ“„ Testing file: ./docs/shared/headers-auth.adoc
âŒ FAILED: uninitialized constant Asciidoctor::Doctest
asciidoctor: ERROR: 04_architecture.adoc: line 10: include file not found: /work/docs/missing_file.adoc
âŒ Syntax error in ./docs/04_architecture.adoc (see log)
asciidoctor: ERROR: order-create.adoc: line 13: include file not found: /work/docs/api/shared/headers-auth.adoc
asciidoctor: ERROR: order-create.adoc: line 22: include file not found: /work/docs/api/examples/order-example.json
asciidoctor: ERROR: order-create.adoc: line 34: include file not found: /work/docs/api/shared/errors.adoc
âŒ Syntax error in ./docs/api/order-create.adoc (see log)
asciidoctor: ERROR: 04_architecture.adoc: line 10: include file not found: /work/docs/missing_file.adoc
âŒ Syntax error in ./docs/04_architecture.adoc (see log)
asciidoctor: ERROR: order-create.adoc: line 13: include file not found: /work/docs/api/shared/headers-auth.adoc
asciidoctor: ERROR: order-create.adoc: line 22: include file not found: /work/docs/api/examples/order-example.json
asciidoctor: ERROR: order-create.adoc: line 34: include file not found: /work/docs/api/shared/errors.adoc
âŒ Syntax error in ./docs/api/order-create.adoc (see log)
asciidoctor: ERROR: 04_architecture.adoc: line 10: include file not found: /work/missing_file.adoc
âŒ Syntax error in ./docs/04_architecture.adoc (see log)
asciidoctor: ERROR: order-create.adoc: line 13: include file not found: /work/shared/headers-auth.adoc
asciidoctor: ERROR: order-create.adoc: line 22: include file not found: /work/examples/order-example.json
asciidoctor: ERROR: order-create.adoc: line 34: include file not found: /work/shared/errors.adoc
âŒ Syntax error in ./docs/api/order-create.adoc (see log)
asciidoctor: ERROR: 04_architecture.adoc: line 10: include file not found: /work/missing_file.adoc
âŒ Syntax error in ./docs/04_architecture.adoc (see log)
asciidoctor: ERROR: order-create.adoc: line 13: include file not found: /shared/headers-auth.adoc
asciidoctor: ERROR: order-create.adoc: line 34: include file not found: /shared/errors.adoc
âŒ Syntax error in ./docs/api/order-create.adoc (see log)
asciidoctor: ERROR: 04_architecture.adoc: line 10: include file not found: /work/missing_file.adoc
âŒ Syntax error in ./docs/04_architecture.adoc (see log)
asciidoctor: ERROR: 04_architecture.adoc: line 10: include file not found: /work/missing_file.adoc
âŒ Syntax error in ./docs/04_architecture.adoc (see log)
asciidoctor: ERROR: 04_architecture.adoc: line 10: include file not found: /work/missing_file.adoc
âŒ Syntax error in ./docs/04_architecture.adoc (see log)
asciidoctor: ERROR: 04_architecture.adoc: line 10: include file not found: /work/docs/missing_file.adoc
âŒ Syntax error in ./docs/04_architecture.adoc (see log)
asciidoctor: ERROR: 04_architecture.adoc: line 10: include file not found: /work/missing_file.adoc
âŒ Syntax error in ./docs/04_architecture.adoc (see log)
asciidoctor: ERROR: 04_architecture.adoc: line 10: include file not found: /work/missing_file.adoc
âŒ Syntax error in ./docs/04_architecture.adoc (see log)
asciidoctor: ERROR: 04_architecture.adoc: line 10: include file not found: /work/missing_file.adoc
âŒ Syntax error in ./docs/04_architecture.adoc (see log)

ğŸ“„ Testing file: ./docs/04_architecture.adoc
âŒ FAILED: uninitialized constant Asciidoctor::Doctest
âŒ ./docs/04_architecture.adoc failed

ğŸ“„ Testing file: ./docs/api/order-create.adoc
âŒ FAILED: uninitialized constant Asciidoctor::Doctest
âŒ ./docs/api/order-create.adoc failed

ğŸ“„ Testing file: ./docs/shared/errors.adoc
âŒ FAILED: uninitialized constant Asciidoctor::Doctest
âŒ ./docs/shared/errors.adoc failed

ğŸ“„ Testing file: ./docs/shared/headers-auth.adoc
âŒ FAILED: uninitialized constant Asciidoctor::Doctest
âŒ ./docs/shared/headers-auth.adoc failed
